app/build/intermediates/manifest_merge_blame_file/debug/manifest-merger-blame-debug-report.txt
1<?xml version="1.0" encoding="utf-8"?>
2<manifest xmlns:android="http://schemas.android.com/apk/res/android"
3    package="com.example.youtubeintegrate"
4    android:versionCode="1"
5    android:versionName="1.0" >
6
7    <uses-sdk
8        android:minSdkVersion="27"
8-->src\main\AndroidManifest.xml
9        android:targetSdkVersion="29" />
9-->src\main\AndroidManifest.xml
10
11    <uses-permission android:name="android.permission.INTERNET" />
11-->src\main\AndroidManifest.xml:5:5-67
11-->src\main\AndroidManifest.xml:5:22-64
12    <uses-permission android:name="android.permission.ACCESS_NETWORK_STATE" />
12-->src\main\AndroidManifest.xml:6:5-79
12-->src\main\AndroidManifest.xml:6:22-76
13    <uses-permission android:name="android.permission.GET_ACCOUNTS" />
13-->src\main\AndroidManifest.xml:7:5-71
13-->src\main\AndroidManifest.xml:7:22-68
14
15    <application
15-->src\main\AndroidManifest.xml:9:5-27:19
16        android:allowBackup="true"
16-->src\main\AndroidManifest.xml:10:9-35
17        android:appComponentFactory="androidx.core.app.CoreComponentFactory"
17-->[androidx.core:core:1.1.0] AndroidManifest.xml:24:18-86
18        android:debuggable="true"
19        android:icon="@mipmap/ic_launcher"
19-->src\main\AndroidManifest.xml:11:9-43
20        android:label="@string/app_name"
20-->src\main\AndroidManifest.xml:12:9-41
21        android:roundIcon="@mipmap/ic_launcher_round"
21-->src\main\AndroidManifest.xml:13:9-54
22        android:supportsRtl="true"
22-->src\main\AndroidManifest.xml:14:9-35
23        android:testOnly="true"
24        android:theme="@style/AppTheme" >
24-->src\main\AndroidManifest.xml:15:9-40
25        <activity android:name="com.example.youtubeintegrate.WeatherActivity" />
25-->src\main\AndroidManifest.xml:16:9-62
25-->src\main\AndroidManifest.xml:16:19-50
26        <activity
26-->src\main\AndroidManifest.xml:17:9-26:20
27            android:name="com.example.youtubeintegrate.MainActivity"
27-->src\main\AndroidManifest.xml:18:13-41
28            android:label="@string/app_name"
28-->src\main\AndroidManifest.xml:19:13-45
29            android:theme="@style/AppTheme.NoActionBar" >
29-->src\main\AndroidManifest.xml:20:13-56
30            <intent-filter>
30-->src\main\AndroidManifest.xml:21:13-25:29
31                <action android:name="android.intent.action.MAIN" />
31-->src\main\AndroidManifest.xml:22:17-69
31-->src\main\AndroidManifest.xml:22:25-66
32
33                <category android:name="android.intent.category.LAUNCHER" />
33-->src\main\AndroidManifest.xml:24:17-77
33-->src\main\AndroidManifest.xml:24:27-74
34            </intent-filter>
35        </activity>
36        <activity
36-->[com.google.android.gms:play-services-auth:18.0.0] AndroidManifest.xml:23:9-27:75
37            android:name="com.google.android.gms.auth.api.signin.internal.SignInHubActivity"
37-->[com.google.android.gms:play-services-auth:18.0.0] AndroidManifest.xml:24:13-93
38            android:excludeFromRecents="true"
38-->[com.google.android.gms:play-services-auth:18.0.0] AndroidManifest.xml:25:13-46
39            android:exported="false"
39-->[com.google.android.gms:play-services-auth:18.0.0] AndroidManifest.xml:26:13-37
40            android:theme="@android:style/Theme.Translucent.NoTitleBar" />
40-->[com.google.android.gms:play-services-auth:18.0.0] AndroidManifest.xml:27:13-72
41        <!--
42            Service handling Google Sign-In user revocation. For apps that do not integrate with
43            Google Sign-In, this service will never be started.
44        -->
45        <service
45-->[com.google.android.gms:play-services-auth:18.0.0] AndroidManifest.xml:33:9-36:110
46            android:name="com.google.android.gms.auth.api.signin.RevocationBoundService"
46-->[com.google.android.gms:play-services-auth:18.0.0] AndroidManifest.xml:34:13-89
47            android:exported="true"
47-->[com.google.android.gms:play-services-auth:18.0.0] AndroidManifest.xml:35:13-36
48            android:permission="com.google.android.gms.auth.api.signin.permission.REVOCATION_NOTIFICATION" />
48-->[com.google.android.gms:play-services-auth:18.0.0] AndroidManifest.xml:36:13-107
49
50        <activity
50-->[com.google.android.gms:play-services-base:17.1.0] AndroidManifest.xml:23:9-26:75
51            android:name="com.google.android.gms.common.api.GoogleApiActivity"
51-->[com.google.android.gms:play-services-base:17.1.0] AndroidManifest.xml:24:13-79
52            android:exported="false"
52-->[com.google.android.gms:play-services-base:17.1.0] AndroidManifest.xml:25:13-37
53            android:theme="@android:style/Theme.Translucent.NoTitleBar" />
53-->[com.google.android.gms:play-services-base:17.1.0] AndroidManifest.xml:26:13-72
54
55        <meta-data
55-->[com.google.android.gms:play-services-basement:17.1.1] AndroidManifest.xml:23:9-25:69
56            android:name="com.google.android.gms.version"
56-->[com.google.android.gms:play-services-basement:17.1.1] AndroidManifest.xml:24:13-58
57            android:value="@integer/google_play_services_version" />
57-->[com.google.android.gms:play-services-basement:17.1.1] AndroidManifest.xml:25:13-66
58    </application>
59
60</manifest>